# JRE version: Java(TM) SE Runtime Environment (7.0_40-b43) (build 1.7.0_40-b43)
# Java VM: Java HotSpot(TM) 64-Bit Server VM (24.0-b56 mixed mode windows-amd64 compressed oops)
Heap
 par new generation   total 55296K, used 7645K [0x0000000730000000, 0x0000000733c00000, 0x0000000733c00000)
  eden space 49152K,   4% used [0x0000000730000000, 0x00000007301fcb58, 0x0000000733000000)
  from space 6144K,  91% used [0x0000000733000000, 0x000000073357a948, 0x0000000733600000)
  to   space 6144K,   0% used [0x0000000733600000, 0x0000000733600000, 0x0000000733c00000)
 concurrent mark-sweep generation total 206952K, used 125091K [0x0000000733c00000, 0x000000074061a000, 0x00000007f0000000)
 concurrent-mark-sweep perm gen total 262144K, used 64189K [0x00000007f0000000, 0x0000000800000000, 0x0000000800000000)
GC Heap History (10 events):
Event: 3817.864 GC heap before
{Heap before GC invocations=376 (full 28):
 par new generation   total 55296K, used 55296K [0x0000000730000000, 0x0000000733c00000, 0x0000000733c00000)
  eden space 49152K, 100% used [0x0000000730000000, 0x0000000733000000, 0x0000000733000000)
  from space 6144K, 100% used [0x0000000733600000, 0x0000000733c00000, 0x0000000733c00000)
  to   space 6144K,   0% used [0x0000000733000000, 0x0000000733000000, 0x0000000733600000)
 concurrent mark-sweep generation total 206952K, used 119233K [0x0000000733c00000, 0x000000074061a000, 0x00000007f0000000)
 concurrent-mark-sweep perm gen total 262144K, used 64185K [0x00000007f0000000, 0x0000000800000000, 0x0000000800000000)
Event: 3817.871 GC heap after
Heap after GC invocations=377 (full 28):
 par new generation   total 55296K, used 5120K [0x0000000730000000, 0x0000000733c00000, 0x0000000733c00000)
  eden space 49152K,   0% used [0x0000000730000000, 0x0000000730000000, 0x0000000733000000)
  from space 6144K,  83% used [0x0000000733000000, 0x00000007335002b0, 0x0000000733600000)
  to   space 6144K,   0% used [0x0000000733600000, 0x0000000733600000, 0x0000000733c00000)
 concurrent mark-sweep generation total 206952K, used 125091K [0x0000000733c00000, 0x000000074061a000, 0x00000007f0000000)
 concurrent-mark-sweep perm gen total 262144K, used 64185K [0x00000007f0000000, 0x0000000800000000, 0x0000000800000000)
}
Event: 3818.035 GC heap before
{Heap before GC invocations=377 (full 28):
 par new generation   total 55296K, used 54272K [0x0000000730000000, 0x0000000733c00000, 0x0000000733c00000)
  eden space 49152K, 100% used [0x0000000730000000, 0x0000000733000000, 0x0000000733000000)
  from space 6144K,  83% used [0x0000000733000000, 0x00000007335002b0, 0x0000000733600000)
  to   space 6144K,   0% used [0x0000000733600000, 0x0000000733600000, 0x0000000733c00000)
 concurrent mark-sweep generation total 206952K, used 125091K [0x0000000733c00000, 0x000000074061a000, 0x00000007f0000000)
 concurrent-mark-sweep perm gen total 262144K, used 64185K [0x00000007f0000000, 0x0000000800000000, 0x0000000800000000)
Event: 3818.037 GC heap after
Heap after GC invocations=378 (full 28):
 par new generation   total 55296K, used 2825K [0x0000000730000000, 0x0000000733c00000, 0x0000000733c00000)
  eden space 49152K,   0% used [0x0000000730000000, 0x0000000730000000, 0x0000000733000000)
  from space 6144K,  45% used [0x0000000733600000, 0x00000007338c2580, 0x0000000733c00000)
  to   space 6144K,   0% used [0x0000000733000000, 0x0000000733000000, 0x0000000733600000)
 concurrent mark-sweep generation total 206952K, used 125091K [0x0000000733c00000, 0x000000074061a000, 0x00000007f0000000)
 concurrent-mark-sweep perm gen total 262144K, used 64185K [0x00000007f0000000, 0x0000000800000000, 0x0000000800000000)
}
Event: 3818.204 GC heap before
{Heap before GC invocations=378 (full 28):
 par new generation   total 55296K, used 51977K [0x0000000730000000, 0x0000000733c00000, 0x0000000733c00000)
  eden space 49152K, 100% used [0x0000000730000000, 0x0000000733000000, 0x0000000733000000)
  from space 6144K,  45% used [0x0000000733600000, 0x00000007338c2580, 0x0000000733c00000)
  to   space 6144K,   0% used [0x0000000733000000, 0x0000000733000000, 0x0000000733600000)
 concurrent mark-sweep generation total 206952K, used 125091K [0x0000000733c00000, 0x000000074061a000, 0x00000007f0000000)
 concurrent-mark-sweep perm gen total 262144K, used 64185K [0x00000007f0000000, 0x0000000800000000, 0x0000000800000000)
Event: 3818.206 GC heap after
Heap after GC invocations=379 (full 28):
 par new generation   total 55296K, used 3215K [0x0000000730000000, 0x0000000733c00000, 0x0000000733c00000)
  eden space 49152K,   0% used [0x0000000730000000, 0x0000000730000000, 0x0000000733000000)
  from space 6144K,  52% used [0x0000000733000000, 0x0000000733323f60, 0x0000000733600000)
  to   space 6144K,   0% used [0x0000000733600000, 0x0000000733600000, 0x0000000733c00000)
 concurrent mark-sweep generation total 206952K, used 125091K [0x0000000733c00000, 0x000000074061a000, 0x00000007f0000000)
 concurrent-mark-sweep perm gen total 262144K, used 64185K [0x00000007f0000000, 0x0000000800000000, 0x0000000800000000)
}
Event: 3818.372 GC heap before
{Heap before GC invocations=379 (full 28):
 par new generation   total 55296K, used 52367K [0x0000000730000000, 0x0000000733c00000, 0x0000000733c00000)
  eden space 49152K, 100% used [0x0000000730000000, 0x0000000733000000, 0x0000000733000000)
  from space 6144K,  52% used [0x0000000733000000, 0x0000000733323f60, 0x0000000733600000)
  to   space 6144K,   0% used [0x0000000733600000, 0x0000000733600000, 0x0000000733c00000)
 concurrent mark-sweep generation total 206952K, used 125091K [0x0000000733c00000, 0x000000074061a000, 0x00000007f0000000)
 concurrent-mark-sweep perm gen total 262144K, used 64185K [0x00000007f0000000, 0x0000000800000000, 0x0000000800000000)
Event: 3818.375 GC heap after
Heap after GC invocations=380 (full 28):
 par new generation   total 55296K, used 4553K [0x0000000730000000, 0x0000000733c00000, 0x0000000733c00000)
  eden space 49152K,   0% used [0x0000000730000000, 0x0000000730000000, 0x0000000733000000)
  from space 6144K,  74% used [0x0000000733600000, 0x0000000733a72600, 0x0000000733c00000)
  to   space 6144K,   0% used [0x0000000733000000, 0x0000000733000000, 0x0000000733600000)
 concurrent mark-sweep generation total 206952K, used 125091K [0x0000000733c00000, 0x000000074061a000, 0x00000007f0000000)
 concurrent-mark-sweep perm gen total 262144K, used 64185K [0x00000007f0000000, 0x0000000800000000, 0x0000000800000000)
}
Event: 3819.516 GC heap before
{Heap before GC invocations=380 (full 28):
 par new generation   total 55296K, used 53705K [0x0000000730000000, 0x0000000733c00000, 0x0000000733c00000)
  eden space 49152K, 100% used [0x0000000730000000, 0x0000000733000000, 0x0000000733000000)
  from space 6144K,  74% used [0x0000000733600000, 0x0000000733a72600, 0x0000000733c00000)
  to   space 6144K,   0% used [0x0000000733000000, 0x0000000733000000, 0x0000000733600000)
 concurrent mark-sweep generation total 206952K, used 125091K [0x0000000733c00000, 0x000000074061a000, 0x00000007f0000000)
 concurrent-mark-sweep perm gen total 262144K, used 64189K [0x00000007f0000000, 0x0000000800000000, 0x0000000800000000)
Event: 3819.520 GC heap after
Heap after GC invocations=381 (full 28):
 par new generation   total 55296K, used 5610K [0x0000000730000000, 0x0000000733c00000, 0x0000000733c00000)
  eden space 49152K,   0% used [0x0000000730000000, 0x0000000730000000, 0x0000000733000000)
  from space 6144K,  91% used [0x0000000733000000, 0x000000073357a948, 0x0000000733600000)
  to   space 6144K,   0% used [0x0000000733600000, 0x0000000733600000, 0x0000000733c00000)
 concurrent mark-sweep generation total 206952K, used 125091K [0x0000000733c00000, 0x000000074061a000, 0x00000007f0000000)
 concurrent-mark-sweep perm gen total 262144K, used 64189K [0x00000007f0000000, 0x0000000800000000, 0x0000000800000000)
}

